{"name": "Успешное создание заказа", "status": "failed", "statusDetails": {"message": "AssertionError: assert (500 == 201)\n +  where 500 = <Response [500]>.status_code", "trace": "self = <tests.test_creating_order.TestCreatingOrder object at 0x1022ca700>, scooter_color = ['BLACK']\n\n    @allure.title('Успешное создание заказа')\n    @pytest.mark.parametrize(\n        'scooter_color',\n        [\n            [],\n            ['BLACK', 'GREY'],\n            ['BLACK'],\n            ['GREY']\n        ]\n    )\n    def test_successful_order(self, scooter_color):\n        payload = PayloadBuilder.make_order_payload(scooter_color)\n        response = ApiService.create_order(payload)\n>       assert response.status_code == 201 and response.json()['track'] is not None\nE       assert (500 == 201)\nE        +  where 500 = <Response [500]>.status_code\n\ntests/test_creating_order.py:21: AssertionError"}, "parameters": [{"name": "scooter_color", "value": "['BLACK']"}], "start": 1727619362243, "stop": 1727619362564, "uuid": "a138e18b-3afc-44b9-bf33-6aced4055279", "historyId": "014f56951b642f53eb3599b55b96e39b", "testCaseId": "d091da55ccec37a34f80352858741c0a", "fullName": "tests.test_creating_order.TestCreatingOrder#test_successful_order", "labels": [{"name": "parentSuite", "value": "tests"}, {"name": "suite", "value": "test_creating_order"}, {"name": "subSuite", "value": "TestCreatingOrder"}, {"name": "host", "value": "Air-Vera"}, {"name": "thread", "value": "63801-MainThread"}, {"name": "framework", "value": "pytest"}, {"name": "language", "value": "cpython3"}, {"name": "package", "value": "tests.test_creating_order"}]}